20:25:08.976 [main] INFO  com.crm.qa.testcases.LoginPageTest - calling initialization method to open the browser 
20:25:28.903 [main] INFO  com.crm.qa.testcases.LoginPageTest - initialization method executed successfully to open the browser 
20:25:28.903 [main] INFO  com.crm.qa.testcases.LoginPageTest - creating page object
20:25:28.954 [main] INFO  com.crm.qa.testcases.LoginPageTest - ************ Starting VerifyLoginPageTitleTest test case execution ************
20:25:29.000 [main] INFO  com.crm.qa.testcases.LoginPageTest - Login Page title received asCogmento CRM
20:25:29.943 [main] INFO  com.crm.qa.testcases.LoginPageTest - browser closed
20:25:29.949 [main] INFO  com.crm.qa.testcases.LoginPageTest - calling initialization method to open the browser 
20:25:47.981 [main] INFO  com.crm.qa.testcases.LoginPageTest - initialization method executed successfully to open the browser 
20:25:47.981 [main] INFO  com.crm.qa.testcases.LoginPageTest - creating page object
20:25:49.087 [main] INFO  com.crm.qa.testcases.LoginPageTest - browser closed
20:26:15.780 [main] INFO  java.lang.Class - ********* Test case Verify_user_is_able_to_create_contact started ******
20:26:30.742 [main] INFO  java.lang.Class - contact created successfully with Abhishek Kumar  Adidas Customer
20:26:30.742 [main] INFO  java.lang.Class - ********* Test case Verify_user_is_able_to_create_contact completed *******
20:31:29.737 [main] INFO  com.crm.qa.testcases.LoginPageTest - calling initialization method to open the browser 
20:31:49.531 [main] INFO  com.crm.qa.testcases.LoginPageTest - initialization method executed successfully to open the browser 
20:31:49.532 [main] INFO  com.crm.qa.testcases.LoginPageTest - creating page object
20:31:49.577 [main] INFO  com.crm.qa.testcases.LoginPageTest - ************ Starting VerifyLoginPageTitleTest test case execution ************
20:31:49.619 [main] INFO  com.crm.qa.testcases.LoginPageTest - Login Page title received asCogmento CRM
20:31:50.308 [main] INFO  com.crm.qa.testcases.LoginPageTest - browser closed
20:31:50.314 [main] INFO  com.crm.qa.testcases.LoginPageTest - calling initialization method to open the browser 
20:32:08.988 [main] INFO  com.crm.qa.testcases.LoginPageTest - initialization method executed successfully to open the browser 
20:32:08.989 [main] INFO  com.crm.qa.testcases.LoginPageTest - creating page object
20:32:13.611 [main] INFO  com.crm.qa.testcases.LoginPageTest - browser closed
20:32:48.042 [main] INFO  java.lang.Class - ********* Test case Verify_user_is_able_to_create_contact started ******
20:33:03.096 [main] INFO  java.lang.Class - contact created successfully with Abhishek Kumar  Adidas Customer
20:33:03.096 [main] INFO  java.lang.Class - ********* Test case Verify_user_is_able_to_create_contact completed *******
15:55:40.033 [main] INFO  com.crm.qa.testcases.LoginPageTest - calling initialization method to open the browser 
15:56:06.654 [main] INFO  com.crm.qa.testcases.LoginPageTest - initialization method executed successfully to open the browser 
15:56:06.670 [main] INFO  com.crm.qa.testcases.LoginPageTest - creating page object
15:56:07.055 [main] INFO  com.crm.qa.testcases.LoginPageTest - ************ Starting VerifyLoginPageTitleTest test case execution ************
15:56:07.113 [main] INFO  com.crm.qa.testcases.LoginPageTest - Login Page title received asCogmento CRM
15:56:08.919 [main] INFO  com.crm.qa.testcases.LoginPageTest - browser closed
15:56:08.934 [main] INFO  com.crm.qa.testcases.LoginPageTest - calling initialization method to open the browser 
15:56:28.020 [main] INFO  com.crm.qa.testcases.LoginPageTest - initialization method executed successfully to open the browser 
15:56:28.020 [main] INFO  com.crm.qa.testcases.LoginPageTest - creating page object
15:56:30.317 [main] INFO  com.crm.qa.testcases.LoginPageTest - browser closed
15:58:05.059 [main] INFO  java.lang.Class - ********* Test case Verify_user_is_able_to_create_contact started ******
15:58:21.303 [main] INFO  java.lang.Class - contact created successfully with Abhishek Kumar  Adidas Customer
15:58:21.303 [main] INFO  java.lang.Class - ********* Test case Verify_user_is_able_to_create_contact completed *******
13:03:01.878 [main] INFO  com.crm.qa.testcases.LoginPageTest - calling initialization method to open the browser 
13:03:24.141 [main] INFO  com.crm.qa.testcases.LoginPageTest - initialization method executed successfully to open the browser 
13:03:24.142 [main] INFO  com.crm.qa.testcases.LoginPageTest - creating page object
13:03:24.186 [main] INFO  com.crm.qa.testcases.LoginPageTest - ************ Starting VerifyLoginPageTitleTest test case execution ************
13:03:24.211 [main] INFO  com.crm.qa.testcases.LoginPageTest - Login Page title received asCogmento CRM
13:03:24.831 [main] INFO  com.crm.qa.testcases.LoginPageTest - browser closed
13:03:24.836 [main] INFO  com.crm.qa.testcases.LoginPageTest - calling initialization method to open the browser 
